Using pre-set license
Built from '2021.3/staging' branch; Version is '2021.3.19f1 (c9714fde33b6) revision 13201743'; Using compiler version '192829333'; Build Type 'Release'
OS: 'Windows 11  (10.0.22621) 64bit Professional' Language: 'en' Physical Memory: 16052 MB
BatchMode: 1, IsHumanControllingUs: 0, StartBugReporterOnCrash: 0, Is64bit: 1, IsPro: 1

COMMAND LINE ARGUMENTS:
D:\Installed Softwares\Unity\2021.3.19f1\Editor\Unity.exe
-adb2
-batchMode
-noUpm
-name
AssetImportWorker4
-projectPath
C:/Users/iseeq/OneDrive/Documents/Game-Development/Byte_Battalion-Colour_Cargo
-logFile
Logs/AssetImportWorker4.log
-srvPort
50327
Successfully changed project path to: C:/Users/iseeq/OneDrive/Documents/Game-Development/Byte_Battalion-Colour_Cargo
C:/Users/iseeq/OneDrive/Documents/Game-Development/Byte_Battalion-Colour_Cargo
[UnityMemory] Configuration Parameters - Can be set up in boot.config
    "memorysetup-bucket-allocator-granularity=16"
    "memorysetup-bucket-allocator-bucket-count=8"
    "memorysetup-bucket-allocator-block-size=33554432"
    "memorysetup-bucket-allocator-block-count=8"
    "memorysetup-main-allocator-block-size=16777216"
    "memorysetup-thread-allocator-block-size=16777216"
    "memorysetup-gfx-main-allocator-block-size=16777216"
    "memorysetup-gfx-thread-allocator-block-size=16777216"
    "memorysetup-cache-allocator-block-size=4194304"
    "memorysetup-typetree-allocator-block-size=2097152"
    "memorysetup-profiler-bucket-allocator-granularity=16"
    "memorysetup-profiler-bucket-allocator-bucket-count=8"
    "memorysetup-profiler-bucket-allocator-block-size=33554432"
    "memorysetup-profiler-bucket-allocator-block-count=8"
    "memorysetup-profiler-allocator-block-size=16777216"
    "memorysetup-profiler-editor-allocator-block-size=1048576"
    "memorysetup-temp-allocator-size-main=16777216"
    "memorysetup-job-temp-allocator-block-size=2097152"
    "memorysetup-job-temp-allocator-block-size-background=1048576"
    "memorysetup-job-temp-allocator-reduction-small-platforms=262144"
    "memorysetup-temp-allocator-size-background-worker=32768"
    "memorysetup-temp-allocator-size-job-worker=262144"
    "memorysetup-temp-allocator-size-preload-manager=33554432"
    "memorysetup-temp-allocator-size-nav-mesh-worker=65536"
    "memorysetup-temp-allocator-size-audio-worker=65536"
    "memorysetup-temp-allocator-size-cloud-worker=32768"
    "memorysetup-temp-allocator-size-gi-baking-worker=262144"
    "memorysetup-temp-allocator-size-gfx=262144"
Player connection [14800] Host "[IP] 192.168.10.11 [Port] 0 [Flags] 2 [Guid] 352595690 [EditorId] 352595690 [Version] 1048832 [Id] WindowsEditor(7,iseeqasim) [Debug] 1 [PackageName] WindowsEditor [ProjectName] Editor" joined multi-casting on [225.0.0.222:54997]...

Player connection [14800] Host "[IP] 192.168.10.11 [Port] 0 [Flags] 2 [Guid] 352595690 [EditorId] 352595690 [Version] 1048832 [Id] WindowsEditor(7,iseeqasim) [Debug] 1 [PackageName] WindowsEditor [ProjectName] Editor" joined alternative multi-casting on [225.0.0.222:34997]...

Refreshing native plugins compatible for Editor in 73.06 ms, found 3 plugins.
Preloading 0 native plugins for Editor in 0.00 ms.
Initialize engine version: 2021.3.19f1 (c9714fde33b6)
[Subsystems] Discovering subsystems at path D:/Installed Softwares/Unity/2021.3.19f1/Editor/Data/Resources/UnitySubsystems
[Subsystems] Discovering subsystems at path C:/Users/iseeq/OneDrive/Documents/Game-Development/Byte_Battalion-Colour_Cargo/Assets
GfxDevice: creating device client; threaded=0; jobified=0
Direct3D:
    Version:  Direct3D 11.0 [level 11.1]
    Renderer: NVIDIA GeForce GTX 1650 (ID=0x1f9d)
    Vendor:   NVIDIA
    VRAM:     3950 MB
    Driver:   31.0.15.2656
Initialize mono
Mono path[0] = 'D:/Installed Softwares/Unity/2021.3.19f1/Editor/Data/Managed'
Mono path[1] = 'D:/Installed Softwares/Unity/2021.3.19f1/Editor/Data/MonoBleedingEdge/lib/mono/unityjit-win32'
Mono config path = 'D:/Installed Softwares/Unity/2021.3.19f1/Editor/Data/MonoBleedingEdge/etc'
Using monoOptions --debugger-agent=transport=dt_socket,embedding=1,server=y,suspend=n,address=127.0.0.1:56660
Begin MonoManager ReloadAssembly
Registering precompiled unity dll's ...
Register platform support module: D:/Installed Softwares/Unity/2021.3.19f1/Editor/Data/PlaybackEngines/WebGLSupport/UnityEditor.WebGL.Extensions.dll
Register platform support module: D:/Installed Softwares/Unity/2021.3.19f1/Editor/Data/PlaybackEngines/AndroidPlayer/UnityEditor.Android.Extensions.dll
Register platform support module: D:/Installed Softwares/Unity/2021.3.19f1/Editor/Data/PlaybackEngines/WindowsStandaloneSupport/UnityEditor.WindowsStandalone.Extensions.dll
Registered in 0.002050 seconds.
Native extension for WindowsStandalone target not found
Native extension for Android target not found
Android Extension - Scanning For ADB Devices 228 ms
Native extension for WebGL target not found
Refreshing native plugins compatible for Editor in 52.99 ms, found 3 plugins.
Preloading 0 native plugins for Editor in 0.00 ms.
Mono: successfully reloaded assembly
- Completed reload, in  0.719 seconds
Domain Reload Profiling:
	ReloadAssembly (719ms)
		BeginReloadAssembly (68ms)
			ExecutionOrderSort (0ms)
			DisableScriptedObjects (0ms)
			BackupInstance (0ms)
			ReleaseScriptingObjects (0ms)
			CreateAndSetChildDomain (1ms)
		EndReloadAssembly (566ms)
			LoadAssemblies (68ms)
			RebuildTransferFunctionScriptingTraits (0ms)
			SetupTypeCache (76ms)
			ReleaseScriptCaches (0ms)
			RebuildScriptCaches (22ms)
			SetupLoadedEditorAssemblies (430ms)
				LogAssemblyErrors (0ms)
				InitializePlatformSupportModulesInManaged (277ms)
				SetLoadedEditorAssemblies (0ms)
				RefreshPlugins (53ms)
				BeforeProcessingInitializeOnLoad (1ms)
				ProcessInitializeOnLoadAttributes (70ms)
				ProcessInitializeOnLoadMethodAttributes (30ms)
				AfterProcessingInitializeOnLoad (0ms)
				EditorAssembliesLoaded (0ms)
			ExecutionOrderSort2 (0ms)
			AwakeInstancesAfterBackupRestoration (0ms)
Platform modules already initialized, skipping
Registering precompiled user dll's ...
Registered in 0.003694 seconds.
Begin MonoManager ReloadAssembly
Symbol file LoadedFromMemory doesn't match image C:\Users\iseeq\OneDrive\Documents\Game-Development\Byte_Battalion-Colour_Cargo\Library\PackageCache\com.unity.visualscripting@1.8.0\Editor\VisualScripting.Core\Dependencies\YamlDotNet\Unity.VisualScripting.YamlDotNet.dll
Symbol file LoadedFromMemory doesn't match image C:\Users\iseeq\OneDrive\Documents\Game-Development\Byte_Battalion-Colour_Cargo\Library\PackageCache\com.unity.visualscripting@1.8.0\Editor\VisualScripting.Core\Dependencies\DotNetZip\Unity.VisualScripting.IonicZip.dll
Native extension for WindowsStandalone target not found
Native extension for Android target not found
Native extension for WebGL target not found
Refreshing native plugins compatible for Editor in 0.45 ms, found 3 plugins.
Preloading 0 native plugins for Editor in 0.00 ms.
Mono: successfully reloaded assembly
- Completed reload, in  0.881 seconds
Domain Reload Profiling:
	ReloadAssembly (881ms)
		BeginReloadAssembly (95ms)
			ExecutionOrderSort (0ms)
			DisableScriptedObjects (5ms)
			BackupInstance (0ms)
			ReleaseScriptingObjects (0ms)
			CreateAndSetChildDomain (17ms)
		EndReloadAssembly (707ms)
			LoadAssemblies (88ms)
			RebuildTransferFunctionScriptingTraits (0ms)
			SetupTypeCache (300ms)
			ReleaseScriptCaches (0ms)
			RebuildScriptCaches (33ms)
			SetupLoadedEditorAssemblies (262ms)
				LogAssemblyErrors (0ms)
				InitializePlatformSupportModulesInManaged (14ms)
				SetLoadedEditorAssemblies (0ms)
				RefreshPlugins (1ms)
				BeforeProcessingInitializeOnLoad (49ms)
				ProcessInitializeOnLoadAttributes (182ms)
				ProcessInitializeOnLoadMethodAttributes (14ms)
				AfterProcessingInitializeOnLoad (2ms)
				EditorAssembliesLoaded (0ms)
			ExecutionOrderSort2 (0ms)
			AwakeInstancesAfterBackupRestoration (5ms)
Platform modules already initialized, skipping
========================================================================
Worker process is ready to serve import requests
Launched and connected shader compiler UnityShaderCompiler.exe after 0.05 seconds
Refreshing native plugins compatible for Editor in 0.73 ms, found 3 plugins.
Preloading 0 native plugins for Editor in 0.00 ms.
Unloading 3082 Unused Serialized files (Serialized files now loaded: 0)
Unloading 24 unused Assets / (114.9 KB). Loaded Objects now: 3560.
Memory consumption went from 117.8 MB to 117.7 MB.
Total: 2.567100 ms (FindLiveObjects: 0.169400 ms CreateObjectMapping: 0.078400 ms MarkObjects: 2.201500 ms  DeleteObjects: 0.116900 ms)

AssetImportParameters requested are different than current active one (requested -> active):
  custom:video-decoder-ogg-theora: a1e56fd34408186e4bbccfd4996cb3dc -> 
  custom:container-muxer-webm: aa71ff27fc2769a1b78a27578f13a17b -> 
  custom:container-demuxer-webm: 4f35f7cbe854078d1ac9338744f61a02 -> 
  custom:video-encoder-webm-vp8: eb34c28f22e8b96e1ab97ce403110664 -> 
  custom:video-codec-MediaFoundation-h265: 746d11721c4dcdbdad8f713fa42b33f4 -> 
  custom:audio-encoder-webm-vorbis: bf7c407c2cedff20999df2af8eb42d56 -> 
  custom:framework-win-MediaFoundation: 216162199b28c13a410421893ffa2e32 -> 
  custom:container-demuxer-ogg: 62fdf1f143b41e24485cea50d1cbac27 -> 
  custom:video-decoder-webm-vp8: 9c59270c3fd7afecdb556c50c9e8de78 -> 
  custom:audio-decoder-ogg-vorbis: bf7c407c2cedff20999df2af8eb42d56 -> 
========================================================================
Received Import Request.
  Time since last request: 5692.958373 seconds.
  path: Assets/_HospitalInc/ThirdParty/Polygon Arsenal 2/Prefabs/Combat/Muzzleflash/Laser/MuzzleFlashLaserBlue.prefab
  artifactKey: Guid(f484d2249b4e8094bbb56f283b8ce11c) Importer(815301076,1909f56bfc062723c751e8b465ee728b)
Start importing Assets/_HospitalInc/ThirdParty/Polygon Arsenal 2/Prefabs/Combat/Muzzleflash/Laser/MuzzleFlashLaserBlue.prefab using Guid(f484d2249b4e8094bbb56f283b8ce11c) Importer(815301076,1909f56bfc062723c751e8b465ee728b)  -> (artifact id: '05e59840015ac7f21abd7cc896e96174') in 0.164469 seconds 
========================================================================
Received Import Request.
  Time since last request: 11.613812 seconds.
  path: Assets/_HospitalInc/ThirdParty/Polygon Arsenal 2/Prefabs/Combat/Muzzleflash/Ice/IceMuzzleflash.prefab
  artifactKey: Guid(1ab21f1ce561cfe46bb8e0c9aa39284c) Importer(815301076,1909f56bfc062723c751e8b465ee728b)
Start importing Assets/_HospitalInc/ThirdParty/Polygon Arsenal 2/Prefabs/Combat/Muzzleflash/Ice/IceMuzzleflash.prefab using Guid(1ab21f1ce561cfe46bb8e0c9aa39284c) Importer(815301076,1909f56bfc062723c751e8b465ee728b)  -> (artifact id: '611aff0f5293dff2eec7b8a75d0d3ef7') in 0.067115 seconds 
========================================================================
Received Import Request.
  Time since last request: 10.340584 seconds.
  path: Assets/_HospitalInc/ThirdParty/Polygon Arsenal 2/Prefabs/Combat/Muzzleflash/Bullet/MuzzleFlashBulletBlue.prefab
  artifactKey: Guid(c990de991a9e10245b04d95ec88912e5) Importer(815301076,1909f56bfc062723c751e8b465ee728b)
Start importing Assets/_HospitalInc/ThirdParty/Polygon Arsenal 2/Prefabs/Combat/Muzzleflash/Bullet/MuzzleFlashBulletBlue.prefab using Guid(c990de991a9e10245b04d95ec88912e5) Importer(815301076,1909f56bfc062723c751e8b465ee728b)  -> (artifact id: 'a09cc5801009bfbbf0f1e965344c18fc') in 0.037736 seconds 
========================================================================
Received Import Request.
  Time since last request: 0.000031 seconds.
  path: Assets/_HospitalInc/ThirdParty/Polygon Arsenal 2/Prefabs/Combat/Muzzleflash/Bullet/MuzzleFlashBulletRed.prefab
  artifactKey: Guid(b44e9cfadf993934f85d04da2321eb4c) Importer(815301076,1909f56bfc062723c751e8b465ee728b)
Start importing Assets/_HospitalInc/ThirdParty/Polygon Arsenal 2/Prefabs/Combat/Muzzleflash/Bullet/MuzzleFlashBulletRed.prefab using Guid(b44e9cfadf993934f85d04da2321eb4c) Importer(815301076,1909f56bfc062723c751e8b465ee728b)  -> (artifact id: '00b9c1e44a5d927597222ab4a9d299a1') in 0.031351 seconds 
========================================================================
Received Import Request.
  Time since last request: 13.234180 seconds.
  path: Assets/_HospitalInc/ThirdParty/Polygon Arsenal 2/Prefabs/Combat/Muzzleflash/Liquid/AcidMuzzle.prefab
  artifactKey: Guid(ab945771eb76bb94daec4ff2f5df02db) Importer(815301076,1909f56bfc062723c751e8b465ee728b)
Start importing Assets/_HospitalInc/ThirdParty/Polygon Arsenal 2/Prefabs/Combat/Muzzleflash/Liquid/AcidMuzzle.prefab using Guid(ab945771eb76bb94daec4ff2f5df02db) Importer(815301076,1909f56bfc062723c751e8b465ee728b)  -> (artifact id: 'b6b5bea51d0f29de2524a1412de5666f') in 0.039810 seconds 
========================================================================
Received Import Request.
  Time since last request: 0.000037 seconds.
  path: Assets/_HospitalInc/ThirdParty/Polygon Arsenal 2/Prefabs/Combat/Muzzleflash/Liquid/WaterMuzzle.prefab
  artifactKey: Guid(177817dfb8f1acc4f984b6817f56df3f) Importer(815301076,1909f56bfc062723c751e8b465ee728b)
Start importing Assets/_HospitalInc/ThirdParty/Polygon Arsenal 2/Prefabs/Combat/Muzzleflash/Liquid/WaterMuzzle.prefab using Guid(177817dfb8f1acc4f984b6817f56df3f) Importer(815301076,1909f56bfc062723c751e8b465ee728b)  -> (artifact id: '2424287d6f177d60d3b561183afef9f7') in 0.046774 seconds 
========================================================================
Received Import Request.
  Time since last request: 7.973448 seconds.
  path: Assets/_HospitalInc/ThirdParty/Polygon Arsenal 2/Prefabs/Combat/Muzzleflash/Proton/ProtonMuzzleBlue.prefab
  artifactKey: Guid(5ec029bdafe3ea54eb952e237d9de550) Importer(815301076,1909f56bfc062723c751e8b465ee728b)
Start importing Assets/_HospitalInc/ThirdParty/Polygon Arsenal 2/Prefabs/Combat/Muzzleflash/Proton/ProtonMuzzleBlue.prefab using Guid(5ec029bdafe3ea54eb952e237d9de550) Importer(815301076,1909f56bfc062723c751e8b465ee728b)  -> (artifact id: '359178bfecdccf34fcda04b7a7a1ae65') in 0.046345 seconds 
========================================================================
Received Import Request.
  Time since last request: 0.000026 seconds.
  path: Assets/_HospitalInc/ThirdParty/Polygon Arsenal 2/Prefabs/Combat/Muzzleflash/Proton/ProtonMuzzleRed.prefab
  artifactKey: Guid(eaec874b7668ef4409e214cbf32ecaf5) Importer(815301076,1909f56bfc062723c751e8b465ee728b)
Start importing Assets/_HospitalInc/ThirdParty/Polygon Arsenal 2/Prefabs/Combat/Muzzleflash/Proton/ProtonMuzzleRed.prefab using Guid(eaec874b7668ef4409e214cbf32ecaf5) Importer(815301076,1909f56bfc062723c751e8b465ee728b)  -> (artifact id: '132f45f4af787c62b29c4420a4157a3d') in 0.031102 seconds 
========================================================================
Received Import Request.
  Time since last request: 6.044392 seconds.
  path: Assets/_HospitalInc/ThirdParty/Polygon Arsenal 2/Prefabs/Combat/Muzzleflash/Sniper/MuzzleFlashSniperBlue.prefab
  artifactKey: Guid(e3b94352301f8eb4b975db3b6aa39719) Importer(815301076,1909f56bfc062723c751e8b465ee728b)
Start importing Assets/_HospitalInc/ThirdParty/Polygon Arsenal 2/Prefabs/Combat/Muzzleflash/Sniper/MuzzleFlashSniperBlue.prefab using Guid(e3b94352301f8eb4b975db3b6aa39719) Importer(815301076,1909f56bfc062723c751e8b465ee728b)  -> (artifact id: '487f7fee05b61c853aabd8136c363f03') in 0.054873 seconds 
========================================================================
Received Import Request.
  Time since last request: 0.000027 seconds.
  path: Assets/_HospitalInc/ThirdParty/Polygon Arsenal 2/Prefabs/Combat/Muzzleflash/Sniper/MuzzleFlashSniperYellow.prefab
  artifactKey: Guid(84aa18db8bc5f0e499349ac0315c053d) Importer(815301076,1909f56bfc062723c751e8b465ee728b)
Start importing Assets/_HospitalInc/ThirdParty/Polygon Arsenal 2/Prefabs/Combat/Muzzleflash/Sniper/MuzzleFlashSniperYellow.prefab using Guid(84aa18db8bc5f0e499349ac0315c053d) Importer(815301076,1909f56bfc062723c751e8b465ee728b)  -> (artifact id: 'e4baac2a2ed12b7b9ad105597846a71d') in 0.029325 seconds 
========================================================================
Received Import Request.
  Time since last request: 6.161354 seconds.
  path: Assets/_HospitalInc/ThirdParty/Polygon Arsenal 2/Prefabs/Combat/Muzzleflash/Spike/SpikeMuzzleBlue.prefab
  artifactKey: Guid(eeb92f10136c3174d8c830dc83ece4a7) Importer(815301076,1909f56bfc062723c751e8b465ee728b)
Start importing Assets/_HospitalInc/ThirdParty/Polygon Arsenal 2/Prefabs/Combat/Muzzleflash/Spike/SpikeMuzzleBlue.prefab using Guid(eeb92f10136c3174d8c830dc83ece4a7) Importer(815301076,1909f56bfc062723c751e8b465ee728b)  -> (artifact id: '61b09c74615340a727d6b24d0c43ec9c') in 0.033419 seconds 
========================================================================
Received Import Request.
  Time since last request: 0.000029 seconds.
  path: Assets/_HospitalInc/ThirdParty/Polygon Arsenal 2/Prefabs/Combat/Muzzleflash/Spike/SpikeMuzzlePurple.prefab
  artifactKey: Guid(e403ee8238349364688b43ef5b4bb10f) Importer(815301076,1909f56bfc062723c751e8b465ee728b)
Start importing Assets/_HospitalInc/ThirdParty/Polygon Arsenal 2/Prefabs/Combat/Muzzleflash/Spike/SpikeMuzzlePurple.prefab using Guid(e403ee8238349364688b43ef5b4bb10f) Importer(815301076,1909f56bfc062723c751e8b465ee728b)  -> (artifact id: 'd7725dd9a44a84bc6ee07e04cec5d5f2') in 0.025401 seconds 
Editor requested this worker to shutdown with reason: Scaling down because of idle timeout
AssetImportWorker is now disconnected from the server
Process exiting
Exiting without the bug reporter. Application will terminate with return code 0